----------------------------------------------------------------
Tue Apr 07 14:31:44 GMT-03:00 2020:
Booting Derby version The Apache Software Foundation - Apache Derby - 10.14.2.0 - (1828579): instance a816c00e-0171-55b2-a929-00000f1a3050 
on database directory C:\Users\gabri\Desktop\PASTA\PROGRAMAÇAO ORIENTADA A OBJETOS\AC1\ac1\dbfuncionario with class loader sun.misc.Launcher$AppClassLoader@764c12b6 
Loaded from file:/C:/Users/gabri/.m2/repository/org/apache/derby/derby/10.14.2.0/derby-10.14.2.0.jar
java.vendor=Oracle Corporation
java.runtime.version=1.8.0_111-b14
user.dir=c:\Users\gabri\Desktop\PASTA\PROGRAMAÇAO ORIENTADA A OBJETOS\AC1\ac1
os.name=Windows 10
os.arch=amd64
os.version=10.0
derby.system.home=null
Database Class Loader started - derby.database.classpath=''
----------------------------------------------------------------
Tue Apr 07 14:39:35 GMT-03:00 2020:
Shutting down instance a816c00e-0171-55b2-a929-00000f1a3050 on database directory C:\Users\gabri\Desktop\PASTA\PROGRAMAÇAO ORIENTADA A OBJETOS\AC1\ac1\dbfuncionario with class loader sun.misc.Launcher$AppClassLoader@764c12b6 
Tue Apr 07 14:39:35 GMT-03:00 2020 Thread[Thread-21,5,main] Cleanup action starting
ERROR XBM0I: Directory dbfuncionario cannot be removed.
	at org.apache.derby.iapi.error.StandardException.newException(Unknown Source)
	at org.apache.derby.iapi.error.StandardException.newException(Unknown Source)
	at org.apache.derby.iapi.services.monitor.Monitor.removePersistentService(Unknown Source)
	at org.apache.derby.impl.jdbc.EmbedConnection$6.run(Unknown Source)
	at java.security.AccessController.doPrivileged(Native Method)
	at org.apache.derby.impl.jdbc.EmbedConnection.removePersistentService(Unknown Source)
	at org.apache.derby.impl.jdbc.EmbedConnection.<init>(Unknown Source)
	at org.apache.derby.jdbc.InternalDriver$1.run(Unknown Source)
	at org.apache.derby.jdbc.InternalDriver$1.run(Unknown Source)
	at java.security.AccessController.doPrivileged(Native Method)
	at org.apache.derby.jdbc.InternalDriver.getNewEmbedConnection(Unknown Source)
	at org.apache.derby.jdbc.InternalDriver$LoginCallable.call(Unknown Source)
	at org.apache.derby.jdbc.InternalDriver$LoginCallable.call(Unknown Source)
	at java.util.concurrent.FutureTask.run(FutureTask.java:266)
	at java.util.concurrent.ThreadPoolExecutor.runWorker(ThreadPoolExecutor.java:1142)
	at java.util.concurrent.ThreadPoolExecutor$Worker.run(ThreadPoolExecutor.java:617)
	at java.lang.Thread.run(Thread.java:745)
Cleanup action completed
Tue Apr 07 14:39:35 GMT-03:00 2020 Thread[Thread-21,5,main] Cleanup action starting
ERROR XBM0I: Directory dbfuncionario cannot be removed.
	at org.apache.derby.iapi.error.StandardException.newException(Unknown Source)
	at org.apache.derby.iapi.error.StandardException.newException(Unknown Source)
	at org.apache.derby.iapi.services.monitor.Monitor.removePersistentService(Unknown Source)
	at org.apache.derby.impl.jdbc.EmbedConnection$6.run(Unknown Source)
	at java.security.AccessController.doPrivileged(Native Method)
	at org.apache.derby.impl.jdbc.EmbedConnection.removePersistentService(Unknown Source)
	at org.apache.derby.impl.jdbc.EmbedConnection.<init>(Unknown Source)
	at org.apache.derby.jdbc.InternalDriver$1.run(Unknown Source)
	at org.apache.derby.jdbc.InternalDriver$1.run(Unknown Source)
	at java.security.AccessController.doPrivileged(Native Method)
	at org.apache.derby.jdbc.InternalDriver.getNewEmbedConnection(Unknown Source)
	at org.apache.derby.jdbc.InternalDriver$LoginCallable.call(Unknown Source)
	at org.apache.derby.jdbc.InternalDriver$LoginCallable.call(Unknown Source)
	at java.util.concurrent.FutureTask.run(FutureTask.java:266)
	at java.util.concurrent.ThreadPoolExecutor.runWorker(ThreadPoolExecutor.java:1142)
	at java.util.concurrent.ThreadPoolExecutor$Worker.run(ThreadPoolExecutor.java:617)
	at java.lang.Thread.run(Thread.java:745)
Cleanup action completed
----------------------------------------------------------------
Tue Apr 07 14:39:36 GMT-03:00 2020:
Booting Derby version The Apache Software Foundation - Apache Derby - 10.14.2.0 - (1828579): instance c065801d-0171-55b2-a929-00000f1a3050 
on database directory C:\Users\gabri\Desktop\PASTA\PROGRAMAÇAO ORIENTADA A OBJETOS\AC1\ac1\dbfuncionario with class loader sun.misc.Launcher$AppClassLoader@764c12b6 
Loaded from file:/C:/Users/gabri/.m2/repository/org/apache/derby/derby/10.14.2.0/derby-10.14.2.0.jar
java.vendor=Oracle Corporation
java.runtime.version=1.8.0_111-b14
user.dir=c:\Users\gabri\Desktop\PASTA\PROGRAMAÇAO ORIENTADA A OBJETOS\AC1\ac1
os.name=Windows 10
os.arch=amd64
os.version=10.0
derby.system.home=null
Database Class Loader started - derby.database.classpath=''
